<?xml version="1.0" encoding="UTF-8"?>
<testsuites name="jest tests" tests="4" failures="4" time="2.368">
  <testsuite name="Contacts APP" errors="0" failures="4" skipped="0" timestamp="2020-05-07T20:28:59" time="1.778" tests="4">
    <testcase classname="Contacts APP Should render Contact component" name="Contacts APP Should render Contact component" time="0.046">
      <failure>TypeError: Cannot read property &apos;id&apos; of undefined
    at Contact.render (/home/mari/codenation/react-13/src/components/Contact.jsx:12:57)
    at finishClassComponent (/home/mari/codenation/react-13/node_modules/react-dom/cjs/react-dom.development.js:17160:31)
    at updateClassComponent (/home/mari/codenation/react-13/node_modules/react-dom/cjs/react-dom.development.js:17110:24)
    at beginWork (/home/mari/codenation/react-13/node_modules/react-dom/cjs/react-dom.development.js:18620:16)
    at HTMLUnknownElement.callCallback (/home/mari/codenation/react-13/node_modules/react-dom/cjs/react-dom.development.js:188:14)
    at invokeEventListeners (/home/mari/codenation/react-13/node_modules/jsdom/lib/jsdom/living/events/EventTarget-impl.js:193:27)
    at HTMLUnknownElementImpl._dispatch (/home/mari/codenation/react-13/node_modules/jsdom/lib/jsdom/living/events/EventTarget-impl.js:119:9)
    at HTMLUnknownElementImpl.dispatchEvent (/home/mari/codenation/react-13/node_modules/jsdom/lib/jsdom/living/events/EventTarget-impl.js:82:17)
    at HTMLUnknownElementImpl.dispatchEvent (/home/mari/codenation/react-13/node_modules/jsdom/lib/jsdom/living/nodes/HTMLElement-impl.js:30:27)
    at HTMLUnknownElement.dispatchEvent (/home/mari/codenation/react-13/node_modules/jsdom/lib/jsdom/living/generated/EventTarget.js:157:21)
    at Object.invokeGuardedCallbackDev (/home/mari/codenation/react-13/node_modules/react-dom/cjs/react-dom.development.js:237:16)
    at invokeGuardedCallback (/home/mari/codenation/react-13/node_modules/react-dom/cjs/react-dom.development.js:292:31)
    at beginWork$1 (/home/mari/codenation/react-13/node_modules/react-dom/cjs/react-dom.development.js:23203:7)
    at performUnitOfWork (/home/mari/codenation/react-13/node_modules/react-dom/cjs/react-dom.development.js:22157:12)
    at workLoopSync (/home/mari/codenation/react-13/node_modules/react-dom/cjs/react-dom.development.js:22130:22)
    at performSyncWorkOnRoot (/home/mari/codenation/react-13/node_modules/react-dom/cjs/react-dom.development.js:21756:9)
    at scheduleUpdateOnFiber (/home/mari/codenation/react-13/node_modules/react-dom/cjs/react-dom.development.js:21188:7)
    at updateContainer (/home/mari/codenation/react-13/node_modules/react-dom/cjs/react-dom.development.js:24373:3)
    at /home/mari/codenation/react-13/node_modules/react-dom/cjs/react-dom.development.js:24758:7
    at unbatchedUpdates (/home/mari/codenation/react-13/node_modules/react-dom/cjs/react-dom.development.js:21903:12)
    at legacyRenderSubtreeIntoContainer (/home/mari/codenation/react-13/node_modules/react-dom/cjs/react-dom.development.js:24757:5)
    at Object.render (/home/mari/codenation/react-13/node_modules/react-dom/cjs/react-dom.development.js:24840:10)
    at /home/mari/codenation/react-13/node_modules/@testing-library/react/dist/pure.js:86:25
    at batchedUpdates$1 (/home/mari/codenation/react-13/node_modules/react-dom/cjs/react-dom.development.js:21856:12)
    at act (/home/mari/codenation/react-13/node_modules/react-dom/cjs/react-dom-test-utils.development.js:929:14)
    at render (/home/mari/codenation/react-13/node_modules/@testing-library/react/dist/pure.js:82:26)
    at Object.&lt;anonymous&gt; (/home/mari/codenation/react-13/src/__tests__/submit.test.js:21:27)
    at Object.asyncJestTest (/home/mari/codenation/react-13/node_modules/jest-jasmine2/build/jasmineAsyncInstall.js:102:37)
    at /home/mari/codenation/react-13/node_modules/jest-jasmine2/build/queueRunner.js:43:12
    at new Promise (&lt;anonymous&gt;)
    at mapper (/home/mari/codenation/react-13/node_modules/jest-jasmine2/build/queueRunner.js:26:19)
    at /home/mari/codenation/react-13/node_modules/jest-jasmine2/build/queueRunner.js:73:41
    at processTicksAndRejections (internal/process/task_queues.js:94:5)</failure>
    </testcase>
    <testcase classname="Contacts APP Should render Contacts component" name="Contacts APP Should render Contacts component" time="0.057">
      <failure>Error: Unable to find an element by: [data-testid=&quot;contacts&quot;]

&lt;body&gt;
  &lt;div&gt;
    &lt;div
      class=&quot;container&quot;
    &gt;
      &lt;section
        class=&quot;contacts&quot;
      &gt;
        &lt;article
          class=&quot;contact&quot;
        &gt;
          &lt;span
            class=&quot;contact__avatar&quot;
          &gt;
            &lt;img
              alt=&quot;avatar&quot;
              src=&quot;&quot;
            /&gt;
          &lt;/span&gt;
          &lt;span
            class=&quot;contact__data&quot;
          &gt;
            Nome
          &lt;/span&gt;
          &lt;span
            class=&quot;contact__data&quot;
          &gt;
            Telefone
          &lt;/span&gt;
          &lt;span
            class=&quot;contact__data&quot;
          &gt;
            País
          &lt;/span&gt;
          &lt;span
            class=&quot;contact__data&quot;
          &gt;
            Admissão
          &lt;/span&gt;
          &lt;span
            class=&quot;contact__data&quot;
          &gt;
            Empresa
          &lt;/span&gt;
          &lt;span
            class=&quot;contact__data&quot;
          &gt;
            Departamento
          &lt;/span&gt;
        &lt;/article&gt;
      &lt;/section&gt;
    &lt;/div&gt;
  &lt;/div&gt;
&lt;/body&gt;
    at Object.getElementError (/home/mari/codenation/react-13/node_modules/@testing-library/dom/dist/config.js:34:12)
    at /home/mari/codenation/react-13/node_modules/@testing-library/dom/dist/query-helpers.js:71:38
    at getByTestId (/home/mari/codenation/react-13/node_modules/@testing-library/dom/dist/query-helpers.js:54:17)
    at Object.&lt;anonymous&gt; (/home/mari/codenation/react-13/src/__tests__/submit.test.js:30:21)
    at Object.asyncJestTest (/home/mari/codenation/react-13/node_modules/jest-jasmine2/build/jasmineAsyncInstall.js:102:37)
    at /home/mari/codenation/react-13/node_modules/jest-jasmine2/build/queueRunner.js:43:12
    at new Promise (&lt;anonymous&gt;)
    at mapper (/home/mari/codenation/react-13/node_modules/jest-jasmine2/build/queueRunner.js:26:19)
    at /home/mari/codenation/react-13/node_modules/jest-jasmine2/build/queueRunner.js:73:41</failure>
    </testcase>
    <testcase classname="Contacts APP Should render Filters component" name="Contacts APP Should render Filters component" time="0.013">
      <failure>Error: Unable to find an element by: [data-testid=&quot;filters&quot;]

&lt;body&gt;
  &lt;div&gt;
    &lt;div
      class=&quot;container&quot;
    &gt;
      &lt;section
        class=&quot;filters&quot;
      &gt;
        &lt;div
          class=&quot;filters__search&quot;
        &gt;
          &lt;input
            class=&quot;filters__search__input&quot;
            placeholder=&quot;Pesquisar&quot;
            type=&quot;text&quot;
          /&gt;
          &lt;button
            class=&quot;filters__search__icon&quot;
          &gt;
            &lt;i
              class=&quot;fa fa-search&quot;
            /&gt;
          &lt;/button&gt;
        &lt;/div&gt;
        &lt;button
          class=&quot;filters__item is-selected&quot;
        &gt;
          Nome
           
          &lt;i
            class=&quot;fas fa-sort-down&quot;
          /&gt;
        &lt;/button&gt;
        &lt;button
          class=&quot;filters__item &quot;
        &gt;
          País
           
          &lt;i
            class=&quot;fas fa-sort-down&quot;
          /&gt;
        &lt;/button&gt;
        &lt;button
          class=&quot;filters__item &quot;
        &gt;
          Empresa
           
          &lt;i
            class=&quot;fas fa-sort-down&quot;
          /&gt;
        &lt;/button&gt;
        &lt;button
          class=&quot;filters__item &quot;
        &gt;
          Departamento
           
          &lt;i
            class=&quot;fas fa-sort-down&quot;
          /&gt;
        &lt;/button&gt;
        &lt;button
          class=&quot;filters__item &quot;
        &gt;
          Data de admissão
           
          &lt;i
            class=&quot;fas fa-sort-down&quot;
          /&gt;
        &lt;/button&gt;
      &lt;/section&gt;
    &lt;/div&gt;
  &lt;/div&gt;
&lt;/body&gt;
    at Object.getElementError (/home/mari/codenation/react-13/node_modules/@testing-library/dom/dist/config.js:34:12)
    at /home/mari/codenation/react-13/node_modules/@testing-library/dom/dist/query-helpers.js:71:38
    at getByTestId (/home/mari/codenation/react-13/node_modules/@testing-library/dom/dist/query-helpers.js:54:17)
    at Object.&lt;anonymous&gt; (/home/mari/codenation/react-13/src/__tests__/submit.test.js:38:21)
    at Object.asyncJestTest (/home/mari/codenation/react-13/node_modules/jest-jasmine2/build/jasmineAsyncInstall.js:102:37)
    at /home/mari/codenation/react-13/node_modules/jest-jasmine2/build/queueRunner.js:43:12
    at new Promise (&lt;anonymous&gt;)
    at mapper (/home/mari/codenation/react-13/node_modules/jest-jasmine2/build/queueRunner.js:26:19)
    at /home/mari/codenation/react-13/node_modules/jest-jasmine2/build/queueRunner.js:73:41</failure>
    </testcase>
    <testcase classname="Contacts APP Should render Topbar component" name="Contacts APP Should render Topbar component" time="0.006">
      <failure>Error: Unable to find an element by: [data-testid=&quot;topbar&quot;]

&lt;body&gt;
  &lt;div&gt;
    &lt;header
      class=&quot;topbar&quot;
    &gt;
      &lt;div
        class=&quot;container&quot;
      &gt;
        &lt;a
          class=&quot;topbar__logo&quot;
          href=&quot;/&quot;
        &gt;
          &lt;svg
            alt=&quot;Logo Instagram&quot;
          &gt;
            logo.svg
          &lt;/svg&gt;
        &lt;/a&gt;
      &lt;/div&gt;
    &lt;/header&gt;
  &lt;/div&gt;
&lt;/body&gt;
    at Object.getElementError (/home/mari/codenation/react-13/node_modules/@testing-library/dom/dist/config.js:34:12)
    at /home/mari/codenation/react-13/node_modules/@testing-library/dom/dist/query-helpers.js:71:38
    at getByTestId (/home/mari/codenation/react-13/node_modules/@testing-library/dom/dist/query-helpers.js:54:17)
    at Object.&lt;anonymous&gt; (/home/mari/codenation/react-13/src/__tests__/submit.test.js:46:21)
    at Object.asyncJestTest (/home/mari/codenation/react-13/node_modules/jest-jasmine2/build/jasmineAsyncInstall.js:102:37)
    at /home/mari/codenation/react-13/node_modules/jest-jasmine2/build/queueRunner.js:43:12
    at new Promise (&lt;anonymous&gt;)
    at mapper (/home/mari/codenation/react-13/node_modules/jest-jasmine2/build/queueRunner.js:26:19)
    at /home/mari/codenation/react-13/node_modules/jest-jasmine2/build/queueRunner.js:73:41</failure>
    </testcase>
  </testsuite>
</testsuites>